{"/Users/brianeddow/Desktop/react-ui/src/js/constants/action-types.js": {"path":"/Users/brianeddow/Desktop/react-ui/src/js/constants/action-types.js","statementMap":{"0":{"start":{"line":1,"column":28},"end":{"line":1,"column":42}}},"fnMap":{},"branchMap":{},"s":{"0":1},"f":{},"b":{},"_coverageSchema":"1a1c01bbd47fc00a2c39e90264f33305004495a9","hash":"5aaa944b22e60c59facd92654abbbf35577156a8"}
,"/Users/brianeddow/Desktop/react-ui/src/js/middleware/index.js": {"path":"/Users/brianeddow/Desktop/react-ui/src/js/middleware/index.js","statementMap":{"0":{"start":{"line":4,"column":2},"end":{"line":11,"column":3}},"1":{"start":{"line":5,"column":4},"end":{"line":10,"column":5}},"2":{"start":{"line":9,"column":4},"end":{"line":9,"column":24}}},"fnMap":{"0":{"name":"middleWare","decl":{"start":{"line":3,"column":9},"end":{"line":3,"column":19}},"loc":{"start":{"line":3,"column":44},"end":{"line":12,"column":1}},"line":3},"1":{"name":"(anonymous_1)","decl":{"start":{"line":4,"column":9},"end":{"line":4,"column":10}},"loc":{"start":{"line":4,"column":23},"end":{"line":11,"column":3}},"line":4},"2":{"name":"(anonymous_2)","decl":{"start":{"line":5,"column":11},"end":{"line":5,"column":12}},"loc":{"start":{"line":5,"column":27},"end":{"line":10,"column":5}},"line":5}},"branchMap":{},"s":{"0":1,"1":1,"2":0},"f":{"0":1,"1":1,"2":0},"b":{},"_coverageSchema":"1a1c01bbd47fc00a2c39e90264f33305004495a9","hash":"c4fdacaffcc67a37a7c03c85c8653c028926a444"}
,"/Users/brianeddow/Desktop/react-ui/src/js/reducers/index.js": {"path":"/Users/brianeddow/Desktop/react-ui/src/js/reducers/index.js","statementMap":{"0":{"start":{"line":3,"column":21},"end":{"line":12,"column":1}},"1":{"start":{"line":15,"column":1},"end":{"line":69,"column":2}},"2":{"start":{"line":16,"column":18},"end":{"line":16,"column":40}},"3":{"start":{"line":17,"column":17},"end":{"line":17,"column":31}},"4":{"start":{"line":19,"column":2},"end":{"line":68,"column":3}},"5":{"start":{"line":21,"column":4},"end":{"line":24,"column":5}},"6":{"start":{"line":25,"column":4},"end":{"line":25,"column":10}},"7":{"start":{"line":27,"column":4},"end":{"line":30,"column":5}},"8":{"start":{"line":31,"column":4},"end":{"line":31,"column":10}},"9":{"start":{"line":33,"column":4},"end":{"line":36,"column":5}},"10":{"start":{"line":37,"column":4},"end":{"line":37,"column":10}},"11":{"start":{"line":39,"column":4},"end":{"line":42,"column":5}},"12":{"start":{"line":43,"column":4},"end":{"line":43,"column":10}},"13":{"start":{"line":45,"column":4},"end":{"line":48,"column":5}},"14":{"start":{"line":49,"column":4},"end":{"line":49,"column":10}},"15":{"start":{"line":51,"column":4},"end":{"line":54,"column":5}},"16":{"start":{"line":55,"column":4},"end":{"line":55,"column":10}},"17":{"start":{"line":57,"column":4},"end":{"line":60,"column":5}},"18":{"start":{"line":61,"column":4},"end":{"line":61,"column":10}},"19":{"start":{"line":63,"column":4},"end":{"line":66,"column":5}},"20":{"start":{"line":67,"column":4},"end":{"line":67,"column":10}},"21":{"start":{"line":70,"column":1},"end":{"line":70,"column":14}}},"fnMap":{"0":{"name":"rootReducer","decl":{"start":{"line":14,"column":9},"end":{"line":14,"column":20}},"loc":{"start":{"line":14,"column":51},"end":{"line":71,"column":1}},"line":14}},"branchMap":{"0":{"loc":{"start":{"line":14,"column":21},"end":{"line":14,"column":41}},"type":"default-arg","locations":[{"start":{"line":14,"column":29},"end":{"line":14,"column":41}}],"line":14},"1":{"loc":{"start":{"line":15,"column":1},"end":{"line":69,"column":2}},"type":"if","locations":[{"start":{"line":15,"column":1},"end":{"line":69,"column":2}},{"start":{"line":15,"column":1},"end":{"line":69,"column":2}}],"line":15},"2":{"loc":{"start":{"line":19,"column":2},"end":{"line":68,"column":3}},"type":"switch","locations":[{"start":{"line":20,"column":3},"end":{"line":25,"column":10}},{"start":{"line":26,"column":3},"end":{"line":31,"column":10}},{"start":{"line":32,"column":3},"end":{"line":37,"column":10}},{"start":{"line":38,"column":3},"end":{"line":43,"column":10}},{"start":{"line":44,"column":3},"end":{"line":49,"column":10}},{"start":{"line":50,"column":3},"end":{"line":55,"column":10}},{"start":{"line":56,"column":3},"end":{"line":61,"column":10}},{"start":{"line":62,"column":3},"end":{"line":67,"column":10}}],"line":19}},"s":{"0":1,"1":1,"2":0,"3":0,"4":0,"5":0,"6":0,"7":0,"8":0,"9":0,"10":0,"11":0,"12":0,"13":0,"14":0,"15":0,"16":0,"17":0,"18":0,"19":0,"20":0,"21":1},"f":{"0":1},"b":{"0":[1],"1":[0,1],"2":[0,0,0,0,0,0,0,0]},"_coverageSchema":"1a1c01bbd47fc00a2c39e90264f33305004495a9","hash":"6e5318ac23a0b87b1e647a8e505eb94788acb631"}
,"/Users/brianeddow/Desktop/react-ui/src/js/store/index.js": {"path":"/Users/brianeddow/Desktop/react-ui/src/js/store/index.js","statementMap":{"0":{"start":{"line":5,"column":14},"end":{"line":8,"column":1}}},"fnMap":{},"branchMap":{},"s":{"0":1},"f":{},"b":{},"_coverageSchema":"1a1c01bbd47fc00a2c39e90264f33305004495a9","hash":"b7828a1036714a4e4a18832719802753d897c756"}
}
