TN:
SF:src/js/constants/action-types.js
FNF:0
FNH:0
DA:1,1
LF:1
LH:1
BRF:0
BRH:0
end_of_record
TN:
SF:src/js/middleware/index.js
FN:3,middleWare
FN:4,(anonymous_1)
FN:5,(anonymous_2)
FNF:3
FNH:2
FNDA:1,middleWare
FNDA:1,(anonymous_1)
FNDA:0,(anonymous_2)
DA:4,1
DA:5,1
DA:9,0
LF:3
LH:2
BRF:0
BRH:0
end_of_record
TN:
SF:src/js/reducers/index.js
FN:14,rootReducer
FNF:1
FNH:1
FNDA:1,rootReducer
DA:3,1
DA:15,1
DA:16,0
DA:17,0
DA:19,0
DA:21,0
DA:25,0
DA:27,0
DA:31,0
DA:33,0
DA:37,0
DA:39,0
DA:43,0
DA:45,0
DA:49,0
DA:51,0
DA:55,0
DA:57,0
DA:61,0
DA:63,0
DA:67,0
DA:70,1
LF:22
LH:3
BRDA:14,0,0,1
BRDA:15,1,0,0
BRDA:15,1,1,1
BRDA:19,2,0,0
BRDA:19,2,1,0
BRDA:19,2,2,0
BRDA:19,2,3,0
BRDA:19,2,4,0
BRDA:19,2,5,0
BRDA:19,2,6,0
BRDA:19,2,7,0
BRF:11
BRH:2
end_of_record
TN:
SF:src/js/store/index.js
FNF:0
FNH:0
DA:5,1
LF:1
LH:1
BRF:0
BRH:0
end_of_record
